
*** Running vivado
    with args -log Upcounter_to_4_FND.vdi -applog -m64 -product Vivado -messageDb vivado.pb -mode batch -source Upcounter_to_4_FND.tcl -notrace



****** Vivado v2020.1 (64-bit)
  **** SW Build 2902540 on Wed May 27 19:54:49 MDT 2020
  **** IP Build 2902112 on Wed May 27 22:43:36 MDT 2020
    ** Copyright 1986-2020 Xilinx, Inc. All Rights Reserved.

source Upcounter_to_4_FND.tcl -notrace
Command: link_design -top Upcounter_to_4_FND -part xc7a35tcpg236-1
Design is defaulting to srcset: sources_1
Design is defaulting to constrset: constrs_1
INFO: [Device 21-403] Loading part xc7a35tcpg236-1
Netlist sorting complete. Time (s): cpu = 00:00:00 ; elapsed = 00:00:00.010 . Memory (MB): peak = 1082.359 ; gain = 0.000
INFO: [Netlist 29-17] Analyzing 40 Unisim elements for replacement
INFO: [Netlist 29-28] Unisim Transformation completed in 0 CPU seconds
INFO: [Project 1-479] Netlist was created with Vivado 2020.1
INFO: [Project 1-570] Preparing netlist for logic optimization
Parsing XDC File [D:/xilinx_2020/Upcounter_to_FND/Upcounter_to_FND.srcs/constrs_1/imports/xilinx_2020/MY_Basys-3-Master.xdc]
Finished Parsing XDC File [D:/xilinx_2020/Upcounter_to_FND/Upcounter_to_FND.srcs/constrs_1/imports/xilinx_2020/MY_Basys-3-Master.xdc]
INFO: [Opt 31-138] Pushed 0 inverter(s) to 0 load pin(s).
Netlist sorting complete. Time (s): cpu = 00:00:00 ; elapsed = 00:00:00 . Memory (MB): peak = 1082.359 ; gain = 0.000
INFO: [Project 1-111] Unisim Transformation Summary:
No Unisim elements were transformed.

7 Infos, 0 Warnings, 0 Critical Warnings and 0 Errors encountered.
link_design completed successfully
link_design: Time (s): cpu = 00:00:08 ; elapsed = 00:00:12 . Memory (MB): peak = 1082.359 ; gain = 0.000
Command: opt_design
Attempting to get a license for feature 'Implementation' and/or device 'xc7a35t'
INFO: [Common 17-349] Got license for feature 'Implementation' and/or device 'xc7a35t'
Running DRC as a precondition to command opt_design

Starting DRC Task
INFO: [DRC 23-27] Running DRC with 2 threads
INFO: [Project 1-461] DRC finished with 0 Errors
INFO: [Project 1-462] Please refer to the DRC report (report_drc) for more information.

Time (s): cpu = 00:00:02 ; elapsed = 00:00:01 . Memory (MB): peak = 1082.359 ; gain = 0.000

Starting Cache Timing Information Task
INFO: [Timing 38-35] Done setting XDC timing constraints.
Ending Cache Timing Information Task | Checksum: 213a3f530

Time (s): cpu = 00:00:11 ; elapsed = 00:00:11 . Memory (MB): peak = 1472.621 ; gain = 390.262

Starting Logic Optimization Task

Phase 1 Retarget
INFO: [Opt 31-138] Pushed 0 inverter(s) to 0 load pin(s).
INFO: [Opt 31-49] Retargeted 0 cell(s).
Phase 1 Retarget | Checksum: 213a3f530

Time (s): cpu = 00:00:01 ; elapsed = 00:00:00.038 . Memory (MB): peak = 1679.102 ; gain = 0.000
INFO: [Opt 31-389] Phase Retarget created 0 cells and removed 0 cells

Phase 2 Constant propagation
INFO: [Opt 31-138] Pushed 0 inverter(s) to 0 load pin(s).
Phase 2 Constant propagation | Checksum: 176e57d60

Time (s): cpu = 00:00:01 ; elapsed = 00:00:00.045 . Memory (MB): peak = 1679.102 ; gain = 0.000
INFO: [Opt 31-389] Phase Constant propagation created 0 cells and removed 0 cells

Phase 3 Sweep
Phase 3 Sweep | Checksum: 1855c7a7a

Time (s): cpu = 00:00:01 ; elapsed = 00:00:00.061 . Memory (MB): peak = 1679.102 ; gain = 0.000
INFO: [Opt 31-389] Phase Sweep created 0 cells and removed 0 cells

Phase 4 BUFG optimization
Phase 4 BUFG optimization | Checksum: 1855c7a7a

Time (s): cpu = 00:00:01 ; elapsed = 00:00:00.076 . Memory (MB): peak = 1679.102 ; gain = 0.000
INFO: [Opt 31-662] Phase BUFG optimization created 0 cells of which 0 are BUFGs and removed 0 cells.

Phase 5 Shift Register Optimization
INFO: [Opt 31-1064] SRL Remap converted 0 SRLs to 0 registers and converted 0 registers of register chains to 0 SRLs
Phase 5 Shift Register Optimization | Checksum: 1855c7a7a

Time (s): cpu = 00:00:01 ; elapsed = 00:00:00.085 . Memory (MB): peak = 1679.102 ; gain = 0.000
INFO: [Opt 31-389] Phase Shift Register Optimization created 0 cells and removed 0 cells

Phase 6 Post Processing Netlist
Phase 6 Post Processing Netlist | Checksum: 1855c7a7a

Time (s): cpu = 00:00:01 ; elapsed = 00:00:00.089 . Memory (MB): peak = 1679.102 ; gain = 0.000
INFO: [Opt 31-389] Phase Post Processing Netlist created 0 cells and removed 0 cells
Opt_design Change Summary
=========================


-------------------------------------------------------------------------------------------------------------------------
|  Phase                        |  #Cells created  |  #Cells Removed  |  #Constrained objects preventing optimizations  |
-------------------------------------------------------------------------------------------------------------------------
|  Retarget                     |               0  |               0  |                                              0  |
|  Constant propagation         |               0  |               0  |                                              0  |
|  Sweep                        |               0  |               0  |                                              0  |
|  BUFG optimization            |               0  |               0  |                                              0  |
|  Shift Register Optimization  |               0  |               0  |                                              0  |
|  Post Processing Netlist      |               0  |               0  |                                              0  |
-------------------------------------------------------------------------------------------------------------------------



Starting Connectivity Check Task

Time (s): cpu = 00:00:00 ; elapsed = 00:00:00.002 . Memory (MB): peak = 1679.102 ; gain = 0.000
Ending Logic Optimization Task | Checksum: 197e52fb5

Time (s): cpu = 00:00:01 ; elapsed = 00:00:00.116 . Memory (MB): peak = 1679.102 ; gain = 0.000

Starting Power Optimization Task
INFO: [Pwropt 34-132] Skipping clock gating for clocks with a period < 2.00 ns.
Ending Power Optimization Task | Checksum: 197e52fb5

Time (s): cpu = 00:00:00 ; elapsed = 00:00:00.012 . Memory (MB): peak = 1679.102 ; gain = 0.000

Starting Final Cleanup Task
Ending Final Cleanup Task | Checksum: 197e52fb5

Time (s): cpu = 00:00:00 ; elapsed = 00:00:00 . Memory (MB): peak = 1679.102 ; gain = 0.000

Starting Netlist Obfuscation Task
Netlist sorting complete. Time (s): cpu = 00:00:00 ; elapsed = 00:00:00 . Memory (MB): peak = 1679.102 ; gain = 0.000
Ending Netlist Obfuscation Task | Checksum: 197e52fb5

Time (s): cpu = 00:00:00 ; elapsed = 00:00:00 . Memory (MB): peak = 1679.102 ; gain = 0.000
INFO: [Common 17-83] Releasing license: Implementation
24 Infos, 0 Warnings, 0 Critical Warnings and 0 Errors encountered.
opt_design completed successfully
opt_design: Time (s): cpu = 00:00:16 ; elapsed = 00:00:15 . Memory (MB): peak = 1679.102 ; gain = 596.742
INFO: [Timing 38-480] Writing timing data to binary archive.
Writing placer database...
Writing XDEF routing.
Writing XDEF routing logical nets.
Writing XDEF routing special nets.
Write XDEF Complete: Time (s): cpu = 00:00:00 ; elapsed = 00:00:00.041 . Memory (MB): peak = 1679.102 ; gain = 0.000
INFO: [Common 17-1381] The checkpoint 'D:/xilinx_2020/Upcounter_to_FND/Upcounter_to_FND.runs/impl_1/Upcounter_to_4_FND_opt.dcp' has been generated.
INFO: [runtcl-4] Executing : report_drc -file Upcounter_to_4_FND_drc_opted.rpt -pb Upcounter_to_4_FND_drc_opted.pb -rpx Upcounter_to_4_FND_drc_opted.rpx
Command: report_drc -file Upcounter_to_4_FND_drc_opted.rpt -pb Upcounter_to_4_FND_drc_opted.pb -rpx Upcounter_to_4_FND_drc_opted.rpx
INFO: [IP_Flow 19-234] Refreshing IP repositories
INFO: [IP_Flow 19-1704] No user IP repositories specified
INFO: [IP_Flow 19-2313] Loaded Vivado IP repository 'D:/xilinx2020/Vivado/2020.1/data/ip'.
INFO: [DRC 23-27] Running DRC with 2 threads
INFO: [Coretcl 2-168] The results of DRC are in file D:/xilinx_2020/Upcounter_to_FND/Upcounter_to_FND.runs/impl_1/Upcounter_to_4_FND_drc_opted.rpt.
report_drc completed successfully
Command: place_design
Attempting to get a license for feature 'Implementation' and/or device 'xc7a35t'
INFO: [Common 17-349] Got license for feature 'Implementation' and/or device 'xc7a35t'
INFO: [DRC 23-27] Running DRC with 2 threads
INFO: [Vivado_Tcl 4-198] DRC finished with 0 Errors
INFO: [Vivado_Tcl 4-199] Please refer to the DRC report (report_drc) for more information.
Running DRC as a precondition to command place_design
INFO: [DRC 23-27] Running DRC with 2 threads
INFO: [Vivado_Tcl 4-198] DRC finished with 0 Errors
INFO: [Vivado_Tcl 4-199] Please refer to the DRC report (report_drc) for more information.

Starting Placer Task
INFO: [Place 30-611] Multithreading enabled for place_design using a maximum of 2 CPUs

Phase 1 Placer Initialization

Phase 1.1 Placer Initialization Netlist Sorting
Netlist sorting complete. Time (s): cpu = 00:00:00 ; elapsed = 00:00:00 . Memory (MB): peak = 1679.102 ; gain = 0.000
Phase 1.1 Placer Initialization Netlist Sorting | Checksum: 1171e0f88

Time (s): cpu = 00:00:00 ; elapsed = 00:00:00.009 . Memory (MB): peak = 1679.102 ; gain = 0.000
Netlist sorting complete. Time (s): cpu = 00:00:00 ; elapsed = 00:00:00.001 . Memory (MB): peak = 1679.102 ; gain = 0.000

Phase 1.2 IO Placement/ Clock Placement/ Build Placer Device
INFO: [Timing 38-35] Done setting XDC timing constraints.
Phase 1.2 IO Placement/ Clock Placement/ Build Placer Device | Checksum: b5c29348

Time (s): cpu = 00:00:01 ; elapsed = 00:00:00.739 . Memory (MB): peak = 1679.102 ; gain = 0.000

Phase 1.3 Build Placer Netlist Model
Phase 1.3 Build Placer Netlist Model | Checksum: 19c3ab13e

Time (s): cpu = 00:00:01 ; elapsed = 00:00:00.899 . Memory (MB): peak = 1679.102 ; gain = 0.000

Phase 1.4 Constrain Clocks/Macros
Phase 1.4 Constrain Clocks/Macros | Checksum: 19c3ab13e

Time (s): cpu = 00:00:01 ; elapsed = 00:00:00.902 . Memory (MB): peak = 1679.102 ; gain = 0.000
Phase 1 Placer Initialization | Checksum: 19c3ab13e

Time (s): cpu = 00:00:01 ; elapsed = 00:00:00.905 . Memory (MB): peak = 1679.102 ; gain = 0.000

Phase 2 Global Placement

Phase 2.1 Floorplanning
Phase 2.1 Floorplanning | Checksum: 161c78d63

Time (s): cpu = 00:00:01 ; elapsed = 00:00:00.983 . Memory (MB): peak = 1679.102 ; gain = 0.000

Phase 2.2 Global Placement Core

Phase 2.2.1 Physical Synthesis In Placer
INFO: [Physopt 32-1035] Found 0 LUTNM shape to break, 9 LUT instances to create LUTNM shape
INFO: [Physopt 32-1044] Break lutnm for timing: one critical 0, two critical 0, total 0, new lutff created 0
INFO: [Physopt 32-775] End 1 Pass. Optimized 4 nets or cells. Created 0 new cell, deleted 4 existing cells and moved 0 existing cell
INFO: [Physopt 32-65] No nets found for high-fanout optimization.
INFO: [Physopt 32-232] Optimized 0 net. Created 0 new instance.
INFO: [Physopt 32-775] End 1 Pass. Optimized 0 net or cell. Created 0 new cell, deleted 0 existing cell and moved 0 existing cell
INFO: [Physopt 32-670] No setup violation found.  DSP Register Optimization was not performed.
INFO: [Physopt 32-670] No setup violation found.  Shift Register to Pipeline Optimization was not performed.
INFO: [Physopt 32-670] No setup violation found.  Shift Register Optimization was not performed.
INFO: [Physopt 32-670] No setup violation found.  BRAM Register Optimization was not performed.
INFO: [Physopt 32-670] No setup violation found.  URAM Register Optimization was not performed.
INFO: [Physopt 32-949] No candidate nets found for HD net replication
INFO: [Physopt 32-775] End 1 Pass. Optimized 0 net or cell. Created 0 new cell, deleted 0 existing cell and moved 0 existing cell
Netlist sorting complete. Time (s): cpu = 00:00:00 ; elapsed = 00:00:00 . Memory (MB): peak = 1679.102 ; gain = 0.000

Summary of Physical Synthesis Optimizations
============================================


-----------------------------------------------------------------------------------------------------------------------------------------------------------
|  Optimization                                     |  Added Cells  |  Removed Cells  |  Optimized Cells/Nets  |  Dont Touch  |  Iterations  |  Elapsed   |
-----------------------------------------------------------------------------------------------------------------------------------------------------------
|  LUT Combining                                    |            0  |              4  |                     4  |           0  |           1  |  00:00:00  |
|  Very High Fanout                                 |            0  |              0  |                     0  |           0  |           1  |  00:00:00  |
|  DSP Register                                     |            0  |              0  |                     0  |           0  |           0  |  00:00:00  |
|  Shift Register to Pipeline                       |            0  |              0  |                     0  |           0  |           0  |  00:00:00  |
|  Shift Register                                   |            0  |              0  |                     0  |           0  |           0  |  00:00:00  |
|  BRAM Register                                    |            0  |              0  |                     0  |           0  |           0  |  00:00:00  |
|  URAM Register                                    |            0  |              0  |                     0  |           0  |           0  |  00:00:00  |
|  Dynamic/Static Region Interface Net Replication  |            0  |              0  |                     0  |           0  |           1  |  00:00:00  |
|  Total                                            |            0  |              4  |                     4  |           0  |           3  |  00:00:00  |
-----------------------------------------------------------------------------------------------------------------------------------------------------------


Phase 2.2.1 Physical Synthesis In Placer | Checksum: 119265db4

Time (s): cpu = 00:00:04 ; elapsed = 00:00:02 . Memory (MB): peak = 1679.102 ; gain = 0.000
Phase 2.2 Global Placement Core | Checksum: 7bc16431

Time (s): cpu = 00:00:04 ; elapsed = 00:00:02 . Memory (MB): peak = 1679.102 ; gain = 0.000
Phase 2 Global Placement | Checksum: 7bc16431

Time (s): cpu = 00:00:04 ; elapsed = 00:00:02 . Memory (MB): peak = 1679.102 ; gain = 0.000

Phase 3 Detail Placement

Phase 3.1 Commit Multi Column Macros
Phase 3.1 Commit Multi Column Macros | Checksum: 6edc873d

Time (s): cpu = 00:00:04 ; elapsed = 00:00:02 . Memory (MB): peak = 1679.102 ; gain = 0.000

Phase 3.2 Commit Most Macros & LUTRAMs
Phase 3.2 Commit Most Macros & LUTRAMs | Checksum: b4769365

Time (s): cpu = 00:00:04 ; elapsed = 00:00:03 . Memory (MB): peak = 1679.102 ; gain = 0.000

Phase 3.3 Area Swap Optimization
Phase 3.3 Area Swap Optimization | Checksum: 15963f1b8

Time (s): cpu = 00:00:04 ; elapsed = 00:00:03 . Memory (MB): peak = 1679.102 ; gain = 0.000

Phase 3.4 Pipeline Register Optimization
Phase 3.4 Pipeline Register Optimization | Checksum: 13a09d6b7

Time (s): cpu = 00:00:04 ; elapsed = 00:00:03 . Memory (MB): peak = 1679.102 ; gain = 0.000

Phase 3.5 Small Shape Detail Placement
Phase 3.5 Small Shape Detail Placement | Checksum: 196795d43

Time (s): cpu = 00:00:04 ; elapsed = 00:00:03 . Memory (MB): peak = 1679.102 ; gain = 0.000

Phase 3.6 Re-assign LUT pins
Phase 3.6 Re-assign LUT pins | Checksum: 1c38afe46

Time (s): cpu = 00:00:04 ; elapsed = 00:00:03 . Memory (MB): peak = 1679.102 ; gain = 0.000

Phase 3.7 Pipeline Register Optimization
Phase 3.7 Pipeline Register Optimization | Checksum: 1e4f0d747

Time (s): cpu = 00:00:04 ; elapsed = 00:00:03 . Memory (MB): peak = 1679.102 ; gain = 0.000
Phase 3 Detail Placement | Checksum: 1e4f0d747

Time (s): cpu = 00:00:04 ; elapsed = 00:00:03 . Memory (MB): peak = 1679.102 ; gain = 0.000

Phase 4 Post Placement Optimization and Clean-Up

Phase 4.1 Post Commit Optimization
INFO: [Timing 38-35] Done setting XDC timing constraints.

Phase 4.1.1 Post Placement Optimization
Post Placement Optimization Initialization | Checksum: 212adad3c

Phase 4.1.1.1 BUFG Insertion

Starting Physical Synthesis Task

Phase 1 Physical Synthesis Initialization
INFO: [Physopt 32-721] Multithreading enabled for phys_opt_design using a maximum of 2 CPUs
INFO: [Physopt 32-619] Estimated Timing Summary | WNS=5.981 | TNS=0.000 |
Phase 1 Physical Synthesis Initialization | Checksum: 1b757d0ab

Time (s): cpu = 00:00:00 ; elapsed = 00:00:00.024 . Memory (MB): peak = 1686.359 ; gain = 0.000
INFO: [Place 46-56] BUFG insertion identified 0 candidate nets. Inserted BUFG: 0, Replicated BUFG Driver: 0, Skipped due to Placement/Routing Conflicts: 0, Skipped due to Timing Degradation: 0, Skipped due to Illegal Netlist: 0.
Ending Physical Synthesis Task | Checksum: 2557c5fa2

Time (s): cpu = 00:00:00 ; elapsed = 00:00:00.026 . Memory (MB): peak = 1686.359 ; gain = 0.000
Phase 4.1.1.1 BUFG Insertion | Checksum: 212adad3c

Time (s): cpu = 00:00:05 ; elapsed = 00:00:03 . Memory (MB): peak = 1686.359 ; gain = 7.258
INFO: [Place 30-746] Post Placement Timing Summary WNS=5.981. For the most accurate timing information please run report_timing.
Phase 4.1.1 Post Placement Optimization | Checksum: 1e8c59b1f

Time (s): cpu = 00:00:05 ; elapsed = 00:00:03 . Memory (MB): peak = 1686.359 ; gain = 7.258
Phase 4.1 Post Commit Optimization | Checksum: 1e8c59b1f

Time (s): cpu = 00:00:05 ; elapsed = 00:00:03 . Memory (MB): peak = 1686.359 ; gain = 7.258

Phase 4.2 Post Placement Cleanup
Phase 4.2 Post Placement Cleanup | Checksum: 1e8c59b1f

Time (s): cpu = 00:00:05 ; elapsed = 00:00:03 . Memory (MB): peak = 1686.359 ; gain = 7.258

Phase 4.3 Placer Reporting
Phase 4.3 Placer Reporting | Checksum: 1e8c59b1f

Time (s): cpu = 00:00:05 ; elapsed = 00:00:03 . Memory (MB): peak = 1686.359 ; gain = 7.258

Phase 4.4 Final Placement Cleanup
Netlist sorting complete. Time (s): cpu = 00:00:00 ; elapsed = 00:00:00 . Memory (MB): peak = 1686.359 ; gain = 0.000
Phase 4.4 Final Placement Cleanup | Checksum: 1e0255051

Time (s): cpu = 00:00:05 ; elapsed = 00:00:03 . Memory (MB): peak = 1686.359 ; gain = 7.258
Phase 4 Post Placement Optimization and Clean-Up | Checksum: 1e0255051

Time (s): cpu = 00:00:05 ; elapsed = 00:00:03 . Memory (MB): peak = 1686.359 ; gain = 7.258
Ending Placer Task | Checksum: 1cc14f4a7

Time (s): cpu = 00:00:05 ; elapsed = 00:00:03 . Memory (MB): peak = 1686.359 ; gain = 7.258
INFO: [Common 17-83] Releasing license: Implementation
60 Infos, 0 Warnings, 0 Critical Warnings and 0 Errors encountered.
place_design completed successfully
INFO: [Timing 38-480] Writing timing data to binary archive.
Writing placer database...
Writing XDEF routing.
Writing XDEF routing logical nets.
Writing XDEF routing special nets.
Write XDEF Complete: Time (s): cpu = 00:00:00 ; elapsed = 00:00:00.107 . Memory (MB): peak = 1686.410 ; gain = 0.051
INFO: [Common 17-1381] The checkpoint 'D:/xilinx_2020/Upcounter_to_FND/Upcounter_to_FND.runs/impl_1/Upcounter_to_4_FND_placed.dcp' has been generated.
INFO: [runtcl-4] Executing : report_io -file Upcounter_to_4_FND_io_placed.rpt
report_io: Time (s): cpu = 00:00:00 ; elapsed = 00:00:00.055 . Memory (MB): peak = 1686.410 ; gain = 0.000
INFO: [runtcl-4] Executing : report_utilization -file Upcounter_to_4_FND_utilization_placed.rpt -pb Upcounter_to_4_FND_utilization_placed.pb
INFO: [runtcl-4] Executing : report_control_sets -verbose -file Upcounter_to_4_FND_control_sets_placed.rpt
report_control_sets: Time (s): cpu = 00:00:00 ; elapsed = 00:00:00.003 . Memory (MB): peak = 1686.410 ; gain = 0.000
Command: phys_opt_design
Attempting to get a license for feature 'Implementation' and/or device 'xc7a35t'
INFO: [Common 17-349] Got license for feature 'Implementation' and/or device 'xc7a35t'
INFO: [Vivado_Tcl 4-383] Design worst setup slack (WNS) is greater than or equal to 0.000 ns. Skipping all physical synthesis optimizations.
INFO: [Vivado_Tcl 4-232] No setup violation found. The netlist was not modified.
INFO: [Common 17-83] Releasing license: Implementation
69 Infos, 0 Warnings, 0 Critical Warnings and 0 Errors encountered.
phys_opt_design completed successfully
INFO: [Timing 38-480] Writing timing data to binary archive.
Writing placer database...
Writing XDEF routing.
Writing XDEF routing logical nets.
Writing XDEF routing special nets.
Write XDEF Complete: Time (s): cpu = 00:00:00 ; elapsed = 00:00:00.097 . Memory (MB): peak = 1718.770 ; gain = 17.910
INFO: [Common 17-1381] The checkpoint 'D:/xilinx_2020/Upcounter_to_FND/Upcounter_to_FND.runs/impl_1/Upcounter_to_4_FND_physopt.dcp' has been generated.
Command: route_design
Attempting to get a license for feature 'Implementation' and/or device 'xc7a35t'
INFO: [Common 17-349] Got license for feature 'Implementation' and/or device 'xc7a35t'
Running DRC as a precondition to command route_design
INFO: [DRC 23-27] Running DRC with 2 threads
INFO: [Vivado_Tcl 4-198] DRC finished with 0 Errors
INFO: [Vivado_Tcl 4-199] Please refer to the DRC report (report_drc) for more information.


Starting Routing Task
INFO: [Route 35-254] Multithreading enabled for route_design using a maximum of 2 CPUs
Checksum: PlaceDB: dc1cfcbe ConstDB: 0 ShapeSum: eff7f7e9 RouteDB: 0

Phase 1 Build RT Design
Phase 1 Build RT Design | Checksum: 1466b3c61

Time (s): cpu = 00:00:23 ; elapsed = 00:00:20 . Memory (MB): peak = 1798.785 ; gain = 69.965
Post Restoration Checksum: NetGraph: b9b1df53 NumContArr: 8cb95d0e Constraints: 0 Timing: 0

Phase 2 Router Initialization

Phase 2.1 Create Timer
Phase 2.1 Create Timer | Checksum: 1466b3c61

Time (s): cpu = 00:00:23 ; elapsed = 00:00:20 . Memory (MB): peak = 1798.797 ; gain = 69.977

Phase 2.2 Fix Topology Constraints
Phase 2.2 Fix Topology Constraints | Checksum: 1466b3c61

Time (s): cpu = 00:00:23 ; elapsed = 00:00:20 . Memory (MB): peak = 1804.832 ; gain = 76.012

Phase 2.3 Pre Route Cleanup
Phase 2.3 Pre Route Cleanup | Checksum: 1466b3c61

Time (s): cpu = 00:00:23 ; elapsed = 00:00:20 . Memory (MB): peak = 1804.832 ; gain = 76.012
 Number of Nodes with overlaps = 0

Phase 2.4 Update Timing
Phase 2.4 Update Timing | Checksum: 1d96a4a73

Time (s): cpu = 00:00:24 ; elapsed = 00:00:21 . Memory (MB): peak = 1808.168 ; gain = 79.348
INFO: [Route 35-416] Intermediate Timing Summary | WNS=6.041  | TNS=0.000  | WHS=-0.067 | THS=-0.184 |

Phase 2 Router Initialization | Checksum: 1bbe40028

Time (s): cpu = 00:00:24 ; elapsed = 00:00:21 . Memory (MB): peak = 1808.168 ; gain = 79.348

Router Utilization Summary
  Global Vertical Routing Utilization    = 0.000318903 %
  Global Horizontal Routing Utilization  = 0.00104112 %
  Routable Net Status*
  *Does not include unroutable nets such as driverless and loadless.
  Run report_route_status for detailed report.
  Number of Failed Nets               = 363
    (Failed Nets is the sum of unrouted and partially routed nets)
  Number of Unrouted Nets             = 361
  Number of Partially Routed Nets     = 2
  Number of Node Overlaps             = 0


Phase 3 Initial Routing
Phase 3 Initial Routing | Checksum: 23e04bb09

Time (s): cpu = 00:00:24 ; elapsed = 00:00:21 . Memory (MB): peak = 1808.648 ; gain = 79.828

Phase 4 Rip-up And Reroute

Phase 4.1 Global Iteration 0
 Number of Nodes with overlaps = 19
 Number of Nodes with overlaps = 0
INFO: [Route 35-416] Intermediate Timing Summary | WNS=5.650  | TNS=0.000  | WHS=N/A    | THS=N/A    |

Phase 4.1 Global Iteration 0 | Checksum: 10e780686

Time (s): cpu = 00:00:24 ; elapsed = 00:00:21 . Memory (MB): peak = 1808.648 ; gain = 79.828
Phase 4 Rip-up And Reroute | Checksum: 10e780686

Time (s): cpu = 00:00:24 ; elapsed = 00:00:21 . Memory (MB): peak = 1808.648 ; gain = 79.828

Phase 5 Delay and Skew Optimization

Phase 5.1 Delay CleanUp
Phase 5.1 Delay CleanUp | Checksum: 10e780686

Time (s): cpu = 00:00:24 ; elapsed = 00:00:21 . Memory (MB): peak = 1808.648 ; gain = 79.828

Phase 5.2 Clock Skew Optimization
Phase 5.2 Clock Skew Optimization | Checksum: 10e780686

Time (s): cpu = 00:00:24 ; elapsed = 00:00:21 . Memory (MB): peak = 1808.648 ; gain = 79.828
Phase 5 Delay and Skew Optimization | Checksum: 10e780686

Time (s): cpu = 00:00:24 ; elapsed = 00:00:21 . Memory (MB): peak = 1808.648 ; gain = 79.828

Phase 6 Post Hold Fix

Phase 6.1 Hold Fix Iter

Phase 6.1.1 Update Timing
Phase 6.1.1 Update Timing | Checksum: 13226e539

Time (s): cpu = 00:00:24 ; elapsed = 00:00:21 . Memory (MB): peak = 1808.648 ; gain = 79.828
INFO: [Route 35-416] Intermediate Timing Summary | WNS=5.729  | TNS=0.000  | WHS=0.247  | THS=0.000  |

Phase 6.1 Hold Fix Iter | Checksum: 13226e539

Time (s): cpu = 00:00:24 ; elapsed = 00:00:21 . Memory (MB): peak = 1808.648 ; gain = 79.828
Phase 6 Post Hold Fix | Checksum: 13226e539

Time (s): cpu = 00:00:24 ; elapsed = 00:00:21 . Memory (MB): peak = 1808.648 ; gain = 79.828

Phase 7 Route finalize

Router Utilization Summary
  Global Vertical Routing Utilization    = 0.0696803 %
  Global Horizontal Routing Utilization  = 0.0900573 %
  Routable Net Status*
  *Does not include unroutable nets such as driverless and loadless.
  Run report_route_status for detailed report.
  Number of Failed Nets               = 0
    (Failed Nets is the sum of unrouted and partially routed nets)
  Number of Unrouted Nets             = 0
  Number of Partially Routed Nets     = 0
  Number of Node Overlaps             = 0

Phase 7 Route finalize | Checksum: ed3421f1

Time (s): cpu = 00:00:24 ; elapsed = 00:00:21 . Memory (MB): peak = 1808.648 ; gain = 79.828

Phase 8 Verifying routed nets

 Verification completed successfully
Phase 8 Verifying routed nets | Checksum: ed3421f1

Time (s): cpu = 00:00:24 ; elapsed = 00:00:21 . Memory (MB): peak = 1810.715 ; gain = 81.895

Phase 9 Depositing Routes
Phase 9 Depositing Routes | Checksum: 11fcc8b2c

Time (s): cpu = 00:00:24 ; elapsed = 00:00:21 . Memory (MB): peak = 1810.715 ; gain = 81.895

Phase 10 Post Router Timing
INFO: [Route 35-57] Estimated Timing Summary | WNS=5.729  | TNS=0.000  | WHS=0.247  | THS=0.000  |

INFO: [Route 35-327] The final timing numbers are based on the router estimated timing analysis. For a complete and accurate timing signoff, please run report_timing_summary.
Phase 10 Post Router Timing | Checksum: 11fcc8b2c

Time (s): cpu = 00:00:24 ; elapsed = 00:00:21 . Memory (MB): peak = 1810.715 ; gain = 81.895
INFO: [Route 35-16] Router Completed Successfully

Time (s): cpu = 00:00:24 ; elapsed = 00:00:21 . Memory (MB): peak = 1810.715 ; gain = 81.895

Routing Is Done.
INFO: [Common 17-83] Releasing license: Implementation
83 Infos, 0 Warnings, 0 Critical Warnings and 0 Errors encountered.
route_design completed successfully
route_design: Time (s): cpu = 00:00:26 ; elapsed = 00:00:22 . Memory (MB): peak = 1810.715 ; gain = 91.945
INFO: [Timing 38-480] Writing timing data to binary archive.
Writing placer database...
Writing XDEF routing.
Writing XDEF routing logical nets.
Writing XDEF routing special nets.
Write XDEF Complete: Time (s): cpu = 00:00:01 ; elapsed = 00:00:00.097 . Memory (MB): peak = 1820.551 ; gain = 9.836
INFO: [Common 17-1381] The checkpoint 'D:/xilinx_2020/Upcounter_to_FND/Upcounter_to_FND.runs/impl_1/Upcounter_to_4_FND_routed.dcp' has been generated.
INFO: [runtcl-4] Executing : report_drc -file Upcounter_to_4_FND_drc_routed.rpt -pb Upcounter_to_4_FND_drc_routed.pb -rpx Upcounter_to_4_FND_drc_routed.rpx
Command: report_drc -file Upcounter_to_4_FND_drc_routed.rpt -pb Upcounter_to_4_FND_drc_routed.pb -rpx Upcounter_to_4_FND_drc_routed.rpx
INFO: [IP_Flow 19-1839] IP Catalog is up to date.
INFO: [DRC 23-27] Running DRC with 2 threads
INFO: [Coretcl 2-168] The results of DRC are in file D:/xilinx_2020/Upcounter_to_FND/Upcounter_to_FND.runs/impl_1/Upcounter_to_4_FND_drc_routed.rpt.
report_drc completed successfully
INFO: [runtcl-4] Executing : report_methodology -file Upcounter_to_4_FND_methodology_drc_routed.rpt -pb Upcounter_to_4_FND_methodology_drc_routed.pb -rpx Upcounter_to_4_FND_methodology_drc_routed.rpx
Command: report_methodology -file Upcounter_to_4_FND_methodology_drc_routed.rpt -pb Upcounter_to_4_FND_methodology_drc_routed.pb -rpx Upcounter_to_4_FND_methodology_drc_routed.rpx
INFO: [Timing 38-35] Done setting XDC timing constraints.
INFO: [DRC 23-133] Running Methodology with 2 threads
INFO: [Coretcl 2-1520] The results of Report Methodology are in file D:/xilinx_2020/Upcounter_to_FND/Upcounter_to_FND.runs/impl_1/Upcounter_to_4_FND_methodology_drc_routed.rpt.
report_methodology completed successfully
INFO: [runtcl-4] Executing : report_power -file Upcounter_to_4_FND_power_routed.rpt -pb Upcounter_to_4_FND_power_summary_routed.pb -rpx Upcounter_to_4_FND_power_routed.rpx
Command: report_power -file Upcounter_to_4_FND_power_routed.rpt -pb Upcounter_to_4_FND_power_summary_routed.pb -rpx Upcounter_to_4_FND_power_routed.rpx
INFO: [Timing 38-35] Done setting XDC timing constraints.
Running Vector-less Activity Propagation...

Finished Running Vector-less Activity Propagation
95 Infos, 0 Warnings, 0 Critical Warnings and 0 Errors encountered.
report_power completed successfully
INFO: [runtcl-4] Executing : report_route_status -file Upcounter_to_4_FND_route_status.rpt -pb Upcounter_to_4_FND_route_status.pb
INFO: [runtcl-4] Executing : report_timing_summary -max_paths 10 -file Upcounter_to_4_FND_timing_summary_routed.rpt -pb Upcounter_to_4_FND_timing_summary_routed.pb -rpx Upcounter_to_4_FND_timing_summary_routed.rpx -warn_on_violation 
INFO: [Timing 38-91] UpdateTimingParams: Speed grade: -1, Delay Type: min_max.
INFO: [Timing 38-191] Multithreading enabled for timing update using a maximum of 2 CPUs
INFO: [runtcl-4] Executing : report_incremental_reuse -file Upcounter_to_4_FND_incremental_reuse_routed.rpt
INFO: [Vivado_Tcl 4-1062] Incremental flow is disabled. No incremental reuse Info to report.
INFO: [runtcl-4] Executing : report_clock_utilization -file Upcounter_to_4_FND_clock_utilization_routed.rpt
INFO: [runtcl-4] Executing : report_bus_skew -warn_on_violation -file Upcounter_to_4_FND_bus_skew_routed.rpt -pb Upcounter_to_4_FND_bus_skew_routed.pb -rpx Upcounter_to_4_FND_bus_skew_routed.rpx
INFO: [Timing 38-91] UpdateTimingParams: Speed grade: -1, Delay Type: min_max.
INFO: [Timing 38-191] Multithreading enabled for timing update using a maximum of 2 CPUs
Command: write_bitstream -force Upcounter_to_4_FND.bit
Attempting to get a license for feature 'Implementation' and/or device 'xc7a35t'
INFO: [Common 17-349] Got license for feature 'Implementation' and/or device 'xc7a35t'
Running DRC as a precondition to command write_bitstream
INFO: [IP_Flow 19-1839] IP Catalog is up to date.
INFO: [DRC 23-27] Running DRC with 2 threads
INFO: [Vivado 12-3199] DRC finished with 0 Errors
INFO: [Vivado 12-3200] Please refer to the DRC report (report_drc) for more information.
INFO: [Designutils 20-2272] Running write_bitstream with 2 threads.
Loading data files...
Loading site data...
Loading route data...
Processing options...
Creating bitmap...
Creating bitstream...
Writing bitstream ./Upcounter_to_4_FND.bit...
INFO: [Vivado 12-1842] Bitgen Completed Successfully.
INFO: [Project 1-120] WebTalk data collection is mandatory when using a WebPACK part without a full Vivado license. To see the specific WebTalk data collected for your design, open the usage_statistics_webtalk.html or usage_statistics_webtalk.xml file in the implementation directory.
INFO: [Common 17-186] 'D:/xilinx_2020/Upcounter_to_FND/Upcounter_to_FND.runs/impl_1/usage_statistics_webtalk.xml' has been successfully sent to Xilinx on Tue Oct 11 17:35:58 2022. For additional details about this file, please refer to the WebTalk help file at D:/xilinx2020/Vivado/2020.1/doc/webtalk_introduction.html.
INFO: [Common 17-83] Releasing license: Implementation
115 Infos, 0 Warnings, 0 Critical Warnings and 0 Errors encountered.
write_bitstream completed successfully
write_bitstream: Time (s): cpu = 00:00:14 ; elapsed = 00:00:17 . Memory (MB): peak = 2252.793 ; gain = 398.891
INFO: [Common 17-206] Exiting Vivado at Tue Oct 11 17:35:58 2022...
